1601143200904	geckodriver	INFO	Listening on 127.0.0.1:53622
1601143204560	mozrunner::runner	INFO	Running command: "C:\\Program Files (x86)\\Mozilla Firefox\\firefox.exe" "--marionette" "-foreground" "-no-remote" "-profile" "C:\\Users\\bolderadmin\\AppData\\Local\\Temp\\rust_mozprofileWLGY04"
JavaScript error: resource://gre/modules/XULStore.jsm, line 66: Error: Can't find profile directory.
console.error: SearchCache: "_readCacheFile: Error reading cache file:" (new Error("", "(unknown module)"))
1601143207612	Marionette	INFO	Listening on port 53632
1601143207662	Marionette	WARN	TLS certificate errors will be ignored for this session
1601143226909	Marionette	INFO	Stopped listening on port 53632
[Parent 888, Gecko_IOThread] WARNING: file /builds/worker/checkouts/gecko/ipc/chromium/src/base/process_util_win.cc, line 166
[Parent 888, Gecko_IOThread] WARNING: file /builds/worker/checkouts/gecko/ipc/chromium/src/base/process_util_win.cc, line 166
1601143229648	geckodriver	INFO	Listening on 127.0.0.1:53703
1601143232753	mozrunner::runner	INFO	Running command: "C:\\Program Files (x86)\\Mozilla Firefox\\firefox.exe" "--marionette" "-foreground" "-no-remote" "-profile" "C:\\Users\\bolderadmin\\AppData\\Local\\Temp\\rust_mozprofilezG9UDX"
JavaScript error: resource://gre/modules/XULStore.jsm, line 66: Error: Can't find profile directory.
console.error: SearchCache: "_readCacheFile: Error reading cache file:" (new Error("", "(unknown module)"))
1601143236676	Marionette	INFO	Listening on port 53711
1601143237197	Marionette	WARN	TLS certificate errors will be ignored for this session
1601143250317	Marionette	INFO	Stopped listening on port 53711
1601143253958	geckodriver	INFO	Listening on 127.0.0.1:53795
1601143257367	mozrunner::runner	INFO	Running command: "C:\\Program Files (x86)\\Mozilla Firefox\\firefox.exe" "--marionette" "-foreground" "-no-remote" "-profile" "C:\\Users\\bolderadmin\\AppData\\Local\\Temp\\rust_mozprofilex82svs"
JavaScript error: resource://gre/modules/XULStore.jsm, line 66: Error: Can't find profile directory.
console.error: SearchCache: "_readCacheFile: Error reading cache file:" (new Error("", "(unknown module)"))
1601143260600	Marionette	INFO	Listening on port 53803
1601143260774	Marionette	WARN	TLS certificate errors will be ignored for this session
1601143274144	Marionette	INFO	Stopped listening on port 53803
1601143276336	geckodriver	INFO	Listening on 127.0.0.1:53871
1601143279868	mozrunner::runner	INFO	Running command: "C:\\Program Files (x86)\\Mozilla Firefox\\firefox.exe" "--marionette" "-foreground" "-no-remote" "-profile" "C:\\Users\\bolderadmin\\AppData\\Local\\Temp\\rust_mozprofileoVbxTB"
JavaScript error: resource://gre/modules/XULStore.jsm, line 66: Error: Can't find profile directory.
console.error: SearchCache: "_readCacheFile: Error reading cache file:" (new Error("", "(unknown module)"))
1601143286315	Marionette	INFO	Listening on port 53879
1601143290358	Marionette	WARN	TLS certificate errors will be ignored for this session
1601143304923	Marionette	INFO	Stopped listening on port 53879
IPDL protocol error: Handler returned error code!

###!!! [Parent][DispatchAsyncMessage] Error: PLayerTransaction::Msg_ReleaseLayer Processing error: message was deserialized, but the handler returned false (indicating failure)


###!!! [Child][RunMessage] Error: Channel closing: too late to send/recv, messages will be lost

[Parent 7264, Gecko_IOThread] WARNING: file /builds/worker/checkouts/gecko/ipc/chromium/src/base/process_util_win.cc, line 166
1601143308999	geckodriver	INFO	Listening on 127.0.0.1:53951
1601143312287	mozrunner::runner	INFO	Running command: "C:\\Program Files (x86)\\Mozilla Firefox\\firefox.exe" "--marionette" "-foreground" "-no-remote" "-profile" "C:\\Users\\bolderadmin\\AppData\\Local\\Temp\\rust_mozprofilenVshi5"
JavaScript error: resource://gre/modules/XULStore.jsm, line 66: Error: Can't find profile directory.
console.error: SearchCache: "_readCacheFile: Error reading cache file:" (new Error("", "(unknown module)"))
1601143317070	Marionette	INFO	Listening on port 53960
1601143317567	Marionette	WARN	TLS certificate errors will be ignored for this session
1601143330785	Marionette	INFO	Stopped listening on port 53960
[Parent 6292, Gecko_IOThread] WARNING: file /builds/worker/checkouts/gecko/ipc/chromium/src/base/process_util_win.cc, line 166

###!!! [Child][RunMessage] Error: Channel closing: too late to send/recv, messages will be lost

1601143333302	geckodriver	INFO	Listening on 127.0.0.1:54038
1601143337067	mozrunner::runner	INFO	Running command: "C:\\Program Files (x86)\\Mozilla Firefox\\firefox.exe" "--marionette" "-foreground" "-no-remote" "-profile" "C:\\Users\\bolderadmin\\AppData\\Local\\Temp\\rust_mozprofileM4grj1"
JavaScript error: resource://gre/modules/XULStore.jsm, line 66: Error: Can't find profile directory.
console.error: SearchCache: "_readCacheFile: Error reading cache file:" (new Error("", "(unknown module)"))
1601143341449	Marionette	INFO	Listening on port 54046
1601143341948	Marionette	WARN	TLS certificate errors will be ignored for this session
1601143354269	Marionette	INFO	Stopped listening on port 54046
[Child 7676, Chrome_ChildThread] WARNING: pipe error: 232: file /builds/worker/checkouts/gecko/ipc/chromium/src/chrome/common/ipc_channel_win.cc, line 545
1601143357118	geckodriver	INFO	Listening on 127.0.0.1:54113
1601143360203	mozrunner::runner	INFO	Running command: "C:\\Program Files (x86)\\Mozilla Firefox\\firefox.exe" "--marionette" "-foreground" "-no-remote" "-profile" "C:\\Users\\bolderadmin\\AppData\\Local\\Temp\\rust_mozprofilePMfQIF"
JavaScript error: resource://gre/modules/XULStore.jsm, line 66: Error: Can't find profile directory.
console.error: SearchCache: "_readCacheFile: Error reading cache file:" (new Error("", "(unknown module)"))
1601143363678	Marionette	INFO	Listening on port 54122
1601143363880	Marionette	WARN	TLS certificate errors will be ignored for this session
1601143376618	Marionette	INFO	Stopped listening on port 54122
[Parent 6720, Gecko_IOThread] WARNING: file /builds/worker/checkouts/gecko/ipc/chromium/src/base/process_util_win.cc, line 166

###!!! [Child][RunMessage] Error: Channel closing: too late to send/recv, messages will be lost

1601143379030	geckodriver	INFO	Listening on 127.0.0.1:54191
1601143383920	mozrunner::runner	INFO	Running command: "C:\\Program Files (x86)\\Mozilla Firefox\\firefox.exe" "--marionette" "-foreground" "-no-remote" "-profile" "C:\\Users\\bolderadmin\\AppData\\Local\\Temp\\rust_mozprofile0XJaAh"
JavaScript error: resource://gre/modules/XULStore.jsm, line 66: Error: Can't find profile directory.
console.error: SearchCache: "_readCacheFile: Error reading cache file:" (new Error("", "(unknown module)"))
1601143387312	Marionette	INFO	Listening on port 54199
1601143387572	Marionette	WARN	TLS certificate errors will be ignored for this session
1601143398841	Marionette	INFO	Stopped listening on port 54199

###!!! [Child][RunMessage] Error: Channel closing: too late to send/recv, messages will be lost

1601143401235	geckodriver	INFO	Listening on 127.0.0.1:54269
1601143404333	mozrunner::runner	INFO	Running command: "C:\\Program Files (x86)\\Mozilla Firefox\\firefox.exe" "--marionette" "-foreground" "-no-remote" "-profile" "C:\\Users\\bolderadmin\\AppData\\Local\\Temp\\rust_mozprofileiVxgN2"
JavaScript error: resource://gre/modules/XULStore.jsm, line 66: Error: Can't find profile directory.
console.error: SearchCache: "_readCacheFile: Error reading cache file:" (new Error("", "(unknown module)"))
1601143407268	Marionette	INFO	Listening on port 54277
1601143407594	Marionette	WARN	TLS certificate errors will be ignored for this session
1601143417537	Marionette	INFO	Stopped listening on port 54277
[Child 6376, Chrome_ChildThread] WARNING: pipe error: 232: file /builds/worker/checkouts/gecko/ipc/chromium/src/chrome/common/ipc_channel_win.cc, line 545
1601143421769	geckodriver	INFO	Listening on 127.0.0.1:54349
1601143425915	mozrunner::runner	INFO	Running command: "C:\\Program Files (x86)\\Mozilla Firefox\\firefox.exe" "--marionette" "-foreground" "-no-remote" "-profile" "C:\\Users\\bolderadmin\\AppData\\Local\\Temp\\rust_mozprofilebBcK6N"
JavaScript error: resource://gre/modules/XULStore.jsm, line 66: Error: Can't find profile directory.
console.error: SearchCache: "_readCacheFile: Error reading cache file:" (new Error("", "(unknown module)"))
1601143429762	Marionette	INFO	Listening on port 54358
1601143429801	Marionette	WARN	TLS certificate errors will be ignored for this session
1601143441308	Marionette	INFO	Stopped listening on port 54358

###!!! [Child][RunMessage] Error: Channel closing: too late to send/recv, messages will be lost


###!!! [Child][RunMessage] Error: Channel closing: too late to send/recv, messages will be lost

1601143443001	geckodriver	INFO	Listening on 127.0.0.1:54429
1601143446079	mozrunner::runner	INFO	Running command: "C:\\Program Files (x86)\\Mozilla Firefox\\firefox.exe" "--marionette" "-foreground" "-no-remote" "-profile" "C:\\Users\\bolderadmin\\AppData\\Local\\Temp\\rust_mozprofiledIq4lZ"
JavaScript error: resource://gre/modules/XULStore.jsm, line 66: Error: Can't find profile directory.
console.error: SearchCache: "_readCacheFile: Error reading cache file:" (new Error("", "(unknown module)"))
1601143448812	Marionette	INFO	Listening on port 54437
1601143448922	Marionette	WARN	TLS certificate errors will be ignored for this session
1601143460814	Marionette	INFO	Stopped listening on port 54437
1601143464427	geckodriver	INFO	Listening on 127.0.0.1:54519
1601143467571	mozrunner::runner	INFO	Running command: "C:\\Program Files (x86)\\Mozilla Firefox\\firefox.exe" "--marionette" "-foreground" "-no-remote" "-profile" "C:\\Users\\bolderadmin\\AppData\\Local\\Temp\\rust_mozprofiledhvAa5"
JavaScript error: resource://gre/modules/XULStore.jsm, line 66: Error: Can't find profile directory.
console.error: SearchCache: "_readCacheFile: Error reading cache file:" (new Error("", "(unknown module)"))
1601143470336	Marionette	INFO	Listening on port 54529
1601143470415	Marionette	WARN	TLS certificate errors will be ignored for this session
1601143482439	Marionette	INFO	Stopped listening on port 54529

###!!! [Child][RunMessage] Error: Channel closing: too late to send/recv, messages will be lost

1601143484606	geckodriver	INFO	Listening on 127.0.0.1:54601
1601143487659	mozrunner::runner	INFO	Running command: "C:\\Program Files (x86)\\Mozilla Firefox\\firefox.exe" "--marionette" "-foreground" "-no-remote" "-profile" "C:\\Users\\bolderadmin\\AppData\\Local\\Temp\\rust_mozprofilemnKJF8"
JavaScript error: resource://gre/modules/XULStore.jsm, line 66: Error: Can't find profile directory.
console.error: SearchCache: "_readCacheFile: Error reading cache file:" (new Error("", "(unknown module)"))
1601143490356	Marionette	INFO	Listening on port 54609
1601143490481	Marionette	WARN	TLS certificate errors will be ignored for this session
1601143501251	Marionette	INFO	Stopped listening on port 54609

###!!! [Child][RunMessage] Error: Channel closing: too late to send/recv, messages will be lost

1601143503948	geckodriver	INFO	Listening on 127.0.0.1:54676
1601143507013	mozrunner::runner	INFO	Running command: "C:\\Program Files (x86)\\Mozilla Firefox\\firefox.exe" "--marionette" "-foreground" "-no-remote" "-profile" "C:\\Users\\bolderadmin\\AppData\\Local\\Temp\\rust_mozprofileBaE6yI"
console.error: SearchCache: "_readCacheFile: Error reading cache file:" (new Error("", "(unknown module)"))
JavaScript error: resource://gre/modules/XULStore.jsm, line 66: Error: Can't find profile directory.
1601143509695	Marionette	INFO	Listening on port 54685
1601143509823	Marionette	WARN	TLS certificate errors will be ignored for this session
1601143519719	Marionette	INFO	Stopped listening on port 54685

###!!! [Child][RunMessage] Error: Channel closing: too late to send/recv, messages will be lost

1601143523066	geckodriver	INFO	Listening on 127.0.0.1:54757
1601143526555	mozrunner::runner	INFO	Running command: "C:\\Program Files (x86)\\Mozilla Firefox\\firefox.exe" "--marionette" "-foreground" "-no-remote" "-profile" "C:\\Users\\bolderadmin\\AppData\\Local\\Temp\\rust_mozprofile2GWzx8"
JavaScript error: resource://gre/modules/XULStore.jsm, line 66: Error: Can't find profile directory.
console.error: SearchCache: "_readCacheFile: Error reading cache file:" (new Error("", "(unknown module)"))
1601143532568	Marionette	INFO	Listening on port 54765
1601143532805	Marionette	WARN	TLS certificate errors will be ignored for this session
1601143545167	Marionette	INFO	Stopped listening on port 54765
1601143547251	geckodriver	INFO	Listening on 127.0.0.1:54838
1601143550326	mozrunner::runner	INFO	Running command: "C:\\Program Files (x86)\\Mozilla Firefox\\firefox.exe" "--marionette" "-foreground" "-no-remote" "-profile" "C:\\Users\\bolderadmin\\AppData\\Local\\Temp\\rust_mozprofileJCLKQs"
JavaScript error: resource://gre/modules/XULStore.jsm, line 66: Error: Can't find profile directory.
console.error: SearchCache: "_readCacheFile: Error reading cache file:" (new Error("", "(unknown module)"))
1601143553234	Marionette	INFO	Listening on port 54846
1601143553614	Marionette	WARN	TLS certificate errors will be ignored for this session
1601143564339	Marionette	INFO	Stopped listening on port 54846
[Parent 3464, Gecko_IOThread] WARNING: file /builds/worker/checkouts/gecko/ipc/chromium/src/base/process_util_win.cc, line 166
1601143566221	geckodriver	INFO	Listening on 127.0.0.1:54914
1601143569290	mozrunner::runner	INFO	Running command: "C:\\Program Files (x86)\\Mozilla Firefox\\firefox.exe" "--marionette" "-foreground" "-no-remote" "-profile" "C:\\Users\\bolderadmin\\AppData\\Local\\Temp\\rust_mozprofilebn4jVF"
JavaScript error: resource://gre/modules/XULStore.jsm, line 66: Error: Can't find profile directory.
console.error: SearchCache: "_readCacheFile: Error reading cache file:" (new Error("", "(unknown module)"))
1601143572241	Marionette	INFO	Listening on port 54923
1601143572672	Marionette	WARN	TLS certificate errors will be ignored for this session
1601143583404	Marionette	INFO	Stopped listening on port 54923

###!!! [Child][RunMessage] Error: Channel closing: too late to send/recv, messages will be lost

1601143585633	geckodriver	INFO	Listening on 127.0.0.1:54992
1601143588686	mozrunner::runner	INFO	Running command: "C:\\Program Files (x86)\\Mozilla Firefox\\firefox.exe" "--marionette" "-foreground" "-no-remote" "-profile" "C:\\Users\\bolderadmin\\AppData\\Local\\Temp\\rust_mozprofileIwQnld"
JavaScript error: resource://gre/modules/XULStore.jsm, line 66: Error: Can't find profile directory.
console.error: SearchCache: "_readCacheFile: Error reading cache file:" (new Error("", "(unknown module)"))
1601143591368	Marionette	INFO	Listening on port 55000
1601143591551	Marionette	WARN	TLS certificate errors will be ignored for this session
1601143602066	Marionette	INFO	Stopped listening on port 55000

###!!! [Child][RunMessage] Error: Channel closing: too late to send/recv, messages will be lost

1601143603988	geckodriver	INFO	Listening on 127.0.0.1:55074
1601143607017	mozrunner::runner	INFO	Running command: "C:\\Program Files (x86)\\Mozilla Firefox\\firefox.exe" "--marionette" "-foreground" "-no-remote" "-profile" "C:\\Users\\bolderadmin\\AppData\\Local\\Temp\\rust_mozprofileBuO1kU"
JavaScript error: resource://gre/modules/XULStore.jsm, line 66: Error: Can't find profile directory.
console.error: SearchCache: "_readCacheFile: Error reading cache file:" (new Error("", "(unknown module)"))
1601143609343	Marionette	INFO	Listening on port 55082
1601143609650	Marionette	WARN	TLS certificate errors will be ignored for this session
1601143620251	Marionette	INFO	Stopped listening on port 55082
[Parent 6420, Gecko_IOThread] WARNING: file /builds/worker/checkouts/gecko/ipc/chromium/src/base/process_util_win.cc, line 166
1601143621976	geckodriver	INFO	Listening on 127.0.0.1:55159
1601143625034	mozrunner::runner	INFO	Running command: "C:\\Program Files (x86)\\Mozilla Firefox\\firefox.exe" "--marionette" "-foreground" "-no-remote" "-profile" "C:\\Users\\bolderadmin\\AppData\\Local\\Temp\\rust_mozprofileke1bar"
JavaScript error: resource://gre/modules/XULStore.jsm, line 66: Error: Can't find profile directory.
console.error: SearchCache: "_readCacheFile: Error reading cache file:" (new Error("", "(unknown module)"))
1601143627526	Marionette	INFO	Listening on port 55168
1601143627824	Marionette	WARN	TLS certificate errors will be ignored for this session
1601143639187	Marionette	INFO	Stopped listening on port 55168

###!!! [Child][RunMessage] Error: Channel closing: too late to send/recv, messages will be lost

1601143640861	geckodriver	INFO	Listening on 127.0.0.1:55246
1601143643920	mozrunner::runner	INFO	Running command: "C:\\Program Files (x86)\\Mozilla Firefox\\firefox.exe" "--marionette" "-foreground" "-no-remote" "-profile" "C:\\Users\\bolderadmin\\AppData\\Local\\Temp\\rust_mozprofileLJXnkx"
JavaScript error: resource://gre/modules/XULStore.jsm, line 66: Error: Can't find profile directory.
console.error: SearchCache: "_readCacheFile: Error reading cache file:" (new Error("", "(unknown module)"))
1601143646765	Marionette	INFO	Listening on port 55255
1601143647213	Marionette	WARN	TLS certificate errors will be ignored for this session
1601143658330	Marionette	INFO	Stopped listening on port 55255
[Parent 620, Gecko_IOThread] WARNING: file /builds/worker/checkouts/gecko/ipc/chromium/src/base/process_util_win.cc, line 166

###!!! [Child][RunMessage] Error: Channel closing: too late to send/recv, messages will be lost

1601143660422	geckodriver	INFO	Listening on 127.0.0.1:55327
1601143663777	mozrunner::runner	INFO	Running command: "C:\\Program Files (x86)\\Mozilla Firefox\\firefox.exe" "--marionette" "-foreground" "-no-remote" "-profile" "C:\\Users\\bolderadmin\\AppData\\Local\\Temp\\rust_mozprofileMpnnzV"
JavaScript error: resource://gre/modules/XULStore.jsm, line 66: Error: Can't find profile directory.
console.error: SearchCache: "_readCacheFile: Error reading cache file:" (new Error("", "(unknown module)"))
1601143666152	Marionette	INFO	Listening on port 55335
1601143666579	Marionette	WARN	TLS certificate errors will be ignored for this session
1601143677247	Marionette	INFO	Stopped listening on port 55335

###!!! [Child][RunMessage] Error: Channel closing: too late to send/recv, messages will be lost

1601143679187	geckodriver	INFO	Listening on 127.0.0.1:55407
1601143682253	mozrunner::runner	INFO	Running command: "C:\\Program Files (x86)\\Mozilla Firefox\\firefox.exe" "--marionette" "-foreground" "-no-remote" "-profile" "C:\\Users\\bolderadmin\\AppData\\Local\\Temp\\rust_mozprofilebQ4opy"
JavaScript error: resource://gre/modules/XULStore.jsm, line 66: Error: Can't find profile directory.
console.error: SearchCache: "_readCacheFile: Error reading cache file:" (new Error("", "(unknown module)"))
1601143685067	Marionette	INFO	Listening on port 55415
1601143685302	Marionette	WARN	TLS certificate errors will be ignored for this session
1601143695497	Marionette	INFO	Stopped listening on port 55415

###!!! [Child][RunMessage] Error: Channel error: cannot send/recv

1601143697894	geckodriver	INFO	Listening on 127.0.0.1:55484
1601143700963	mozrunner::runner	INFO	Running command: "C:\\Program Files (x86)\\Mozilla Firefox\\firefox.exe" "--marionette" "-foreground" "-no-remote" "-profile" "C:\\Users\\bolderadmin\\AppData\\Local\\Temp\\rust_mozprofileFXkQW1"
JavaScript error: resource://gre/modules/XULStore.jsm, line 66: Error: Can't find profile directory.
console.error: SearchCache: "_readCacheFile: Error reading cache file:" (new Error("", "(unknown module)"))
1601143703565	Marionette	INFO	Listening on port 55492
1601143703782	Marionette	WARN	TLS certificate errors will be ignored for this session
1601143713968	Marionette	INFO	Stopped listening on port 55492

###!!! [Child][RunMessage] Error: Channel closing: too late to send/recv, messages will be lost

1601143716178	geckodriver	INFO	Listening on 127.0.0.1:55560
1601143719229	mozrunner::runner	INFO	Running command: "C:\\Program Files (x86)\\Mozilla Firefox\\firefox.exe" "--marionette" "-foreground" "-no-remote" "-profile" "C:\\Users\\bolderadmin\\AppData\\Local\\Temp\\rust_mozprofileYVTGtv"
JavaScript error: resource://gre/modules/XULStore.jsm, line 66: Error: Can't find profile directory.
console.error: SearchCache: "_readCacheFile: Error reading cache file:" (new Error("", "(unknown module)"))
1601143722400	Marionette	INFO	Listening on port 55569
1601143722611	Marionette	WARN	TLS certificate errors will be ignored for this session
1601143734131	Marionette	INFO	Stopped listening on port 55569

###!!! [Child][RunMessage] Error: Channel closing: too late to send/recv, messages will be lost

1601143735716	geckodriver	INFO	Listening on 127.0.0.1:55647
1601143738759	mozrunner::runner	INFO	Running command: "C:\\Program Files (x86)\\Mozilla Firefox\\firefox.exe" "--marionette" "-foreground" "-no-remote" "-profile" "C:\\Users\\bolderadmin\\AppData\\Local\\Temp\\rust_mozprofilevbu9YD"
JavaScript error: resource://gre/modules/XULStore.jsm, line 66: Error: Can't find profile directory.
console.error: SearchCache: "_readCacheFile: Error reading cache file:" (new Error("", "(unknown module)"))
1601143741500	Marionette	INFO	Listening on port 55655
1601143741782	Marionette	WARN	TLS certificate errors will be ignored for this session
1601143753321	Marionette	INFO	Stopped listening on port 55655
IPDL protocol error: Handler returned error code!

###!!! [Parent][DispatchAsyncMessage] Error: PLayerTransaction::Msg_ReleaseLayer Processing error: message was deserialized, but the handler returned false (indicating failure)

1601143755496	geckodriver	INFO	Listening on 127.0.0.1:55723
1601143758564	mozrunner::runner	INFO	Running command: "C:\\Program Files (x86)\\Mozilla Firefox\\firefox.exe" "--marionette" "-foreground" "-no-remote" "-profile" "C:\\Users\\bolderadmin\\AppData\\Local\\Temp\\rust_mozprofilevuF3DG"
JavaScript error: resource://gre/modules/XULStore.jsm, line 66: Error: Can't find profile directory.
console.error: SearchCache: "_readCacheFile: Error reading cache file:" (new Error("", "(unknown module)"))
1601143761281	Marionette	INFO	Listening on port 55731
1601143761403	Marionette	WARN	TLS certificate errors will be ignored for this session
1601143771561	Marionette	INFO	Stopped listening on port 55731

###!!! [Child][RunMessage] Error: Channel closing: too late to send/recv, messages will be lost

1601143774062	geckodriver	INFO	Listening on 127.0.0.1:55794
1601143777153	mozrunner::runner	INFO	Running command: "C:\\Program Files (x86)\\Mozilla Firefox\\firefox.exe" "--marionette" "-foreground" "-no-remote" "-profile" "C:\\Users\\bolderadmin\\AppData\\Local\\Temp\\rust_mozprofile4frAnc"
JavaScript error: resource://gre/modules/XULStore.jsm, line 66: Error: Can't find profile directory.
console.error: SearchCache: "_readCacheFile: Error reading cache file:" (new Error("", "(unknown module)"))
1601143779717	Marionette	INFO	Listening on port 55803
1601143779972	Marionette	WARN	TLS certificate errors will be ignored for this session
1601143790634	Marionette	INFO	Stopped listening on port 55803
1601143792723	geckodriver	INFO	Listening on 127.0.0.1:55870
1601143795812	mozrunner::runner	INFO	Running command: "C:\\Program Files (x86)\\Mozilla Firefox\\firefox.exe" "--marionette" "-foreground" "-no-remote" "-profile" "C:\\Users\\bolderadmin\\AppData\\Local\\Temp\\rust_mozprofileCoZhN0"
JavaScript error: resource://gre/modules/XULStore.jsm, line 66: Error: Can't find profile directory.
console.error: SearchCache: "_readCacheFile: Error reading cache file:" (new Error("", "(unknown module)"))
1601143798898	Marionette	INFO	Listening on port 55878
1601143799111	Marionette	WARN	TLS certificate errors will be ignored for this session
1601143809500	Marionette	INFO	Stopped listening on port 55878

###!!! [Child][RunMessage] Error: Channel closing: too late to send/recv, messages will be lost

1601143811827	geckodriver	INFO	Listening on 127.0.0.1:55946
1601143814905	mozrunner::runner	INFO	Running command: "C:\\Program Files (x86)\\Mozilla Firefox\\firefox.exe" "--marionette" "-foreground" "-no-remote" "-profile" "C:\\Users\\bolderadmin\\AppData\\Local\\Temp\\rust_mozprofileall957"
JavaScript error: resource://gre/modules/XULStore.jsm, line 66: Error: Can't find profile directory.
console.error: SearchCache: "_readCacheFile: Error reading cache file:" (new Error("", "(unknown module)"))
1601143817372	Marionette	INFO	Listening on port 55954
1601143817737	Marionette	WARN	TLS certificate errors will be ignored for this session
1601143827689	Marionette	INFO	Stopped listening on port 55954
[Child 3008, Chrome_ChildThread] WARNING: pipe error: 232: file /builds/worker/checkouts/gecko/ipc/chromium/src/chrome/common/ipc_channel_win.cc, line 545
1601143829869	geckodriver	INFO	Listening on 127.0.0.1:56023
1601143832920	mozrunner::runner	INFO	Running command: "C:\\Program Files (x86)\\Mozilla Firefox\\firefox.exe" "--marionette" "-foreground" "-no-remote" "-profile" "C:\\Users\\bolderadmin\\AppData\\Local\\Temp\\rust_mozprofile4jIN2j"
JavaScript error: resource://gre/modules/XULStore.jsm, line 66: Error: Can't find profile directory.
console.error: SearchCache: "_readCacheFile: Error reading cache file:" (new Error("", "(unknown module)"))
1601143835508	Marionette	INFO	Listening on port 56031
1601143835783	Marionette	WARN	TLS certificate errors will be ignored for this session
1601143845990	Marionette	INFO	Stopped listening on port 56031
[Parent 7572, Gecko_IOThread] WARNING: file /builds/worker/checkouts/gecko/ipc/chromium/src/base/process_util_win.cc, line 166
[Child 964, Chrome_ChildThread] WARNING: pipe error: 232: file /builds/worker/checkouts/gecko/ipc/chromium/src/chrome/common/ipc_channel_win.cc, line 545
1601143848734	geckodriver	INFO	Listening on 127.0.0.1:56098
1601143851805	mozrunner::runner	INFO	Running command: "C:\\Program Files (x86)\\Mozilla Firefox\\firefox.exe" "--marionette" "-foreground" "-no-remote" "-profile" "C:\\Users\\bolderadmin\\AppData\\Local\\Temp\\rust_mozprofileOiFPF4"
JavaScript error: resource://gre/modules/XULStore.jsm, line 66: Error: Can't find profile directory.
console.error: SearchCache: "_readCacheFile: Error reading cache file:" (new Error("", "(unknown module)"))
1601143854221	Marionette	INFO	Listening on port 56106
1601143854636	Marionette	WARN	TLS certificate errors will be ignored for this session
1601143864748	Marionette	INFO	Stopped listening on port 56106
[Child 2652, Chrome_ChildThread] WARNING: pipe error: 232: file /builds/worker/checkouts/gecko/ipc/chromium/src/chrome/common/ipc_channel_win.cc, line 545
[Child 5440, Chrome_ChildThread] WARNING: pipe error: 232: file /builds/worker/checkouts/gecko/ipc/chromium/src/chrome/common/ipc_channel_win.cc, line 545
1601143866808	geckodriver	INFO	Listening on 127.0.0.1:56177
1601143869945	mozrunner::runner	INFO	Running command: "C:\\Program Files (x86)\\Mozilla Firefox\\firefox.exe" "--marionette" "-foreground" "-no-remote" "-profile" "C:\\Users\\bolderadmin\\AppData\\Local\\Temp\\rust_mozprofileTunEsN"
JavaScript error: resource://gre/modules/XULStore.jsm, line 66: Error: Can't find profile directory.
console.error: SearchCache: "_readCacheFile: Error reading cache file:" (new Error("", "(unknown module)"))
1601143872519	Marionette	INFO	Listening on port 56186
1601143872875	Marionette	WARN	TLS certificate errors will be ignored for this session
1601143881300	Marionette	INFO	Stopped listening on port 56186

###!!! [Child][RunMessage] Error: Channel closing: too late to send/recv, messages will be lost

1601143883353	geckodriver	INFO	Listening on 127.0.0.1:56260
1601143886439	mozrunner::runner	INFO	Running command: "C:\\Program Files (x86)\\Mozilla Firefox\\firefox.exe" "--marionette" "-foreground" "-no-remote" "-profile" "C:\\Users\\bolderadmin\\AppData\\Local\\Temp\\rust_mozprofile00vHBd"
JavaScript error: resource://gre/modules/XULStore.jsm, line 66: Error: Can't find profile directory.
console.error: SearchCache: "_readCacheFile: Error reading cache file:" (new Error("", "(unknown module)"))
1601143889079	Marionette	INFO	Listening on port 56268
1601143889263	Marionette	WARN	TLS certificate errors will be ignored for this session
1601143899536	Marionette	INFO	Stopped listening on port 56268
1601143902131	geckodriver	INFO	Listening on 127.0.0.1:56333
1601143905214	mozrunner::runner	INFO	Running command: "C:\\Program Files (x86)\\Mozilla Firefox\\firefox.exe" "--marionette" "-foreground" "-no-remote" "-profile" "C:\\Users\\bolderadmin\\AppData\\Local\\Temp\\rust_mozprofiledvYCSX"
JavaScript error: resource://gre/modules/XULStore.jsm, line 66: Error: Can't find profile directory.
console.error: SearchCache: "_readCacheFile: Error reading cache file:" (new Error("", "(unknown module)"))
1601143907828	Marionette	INFO	Listening on port 56341
1601143908057	Marionette	WARN	TLS certificate errors will be ignored for this session
1601143918316	Marionette	INFO	Stopped listening on port 56341
[Parent 5768, Gecko_IOThread] WARNING: file /builds/worker/checkouts/gecko/ipc/chromium/src/base/process_util_win.cc, line 166

###!!! [Child][RunMessage] Error: Channel closing: too late to send/recv, messages will be lost

[Parent 5768, Gecko_IOThread] WARNING: file /builds/worker/checkouts/gecko/ipc/chromium/src/base/process_util_win.cc, line 166
1601143920720	geckodriver	INFO	Listening on 127.0.0.1:56409
1601143923767	mozrunner::runner	INFO	Running command: "C:\\Program Files (x86)\\Mozilla Firefox\\firefox.exe" "--marionette" "-foreground" "-no-remote" "-profile" "C:\\Users\\bolderadmin\\AppData\\Local\\Temp\\rust_mozprofileHomqJh"
JavaScript error: resource://gre/modules/XULStore.jsm, line 66: Error: Can't find profile directory.
console.error: SearchCache: "_readCacheFile: Error reading cache file:" (new Error("", "(unknown module)"))
1601143926462	Marionette	INFO	Listening on port 56418
1601143926584	Marionette	WARN	TLS certificate errors will be ignored for this session
1601143937114	Marionette	INFO	Stopped listening on port 56418
[Parent 5728, Gecko_IOThread] WARNING: file /builds/worker/checkouts/gecko/ipc/chromium/src/base/process_util_win.cc, line 166
1601143939168	geckodriver	INFO	Listening on 127.0.0.1:56489
1601143942250	mozrunner::runner	INFO	Running command: "C:\\Program Files (x86)\\Mozilla Firefox\\firefox.exe" "--marionette" "-foreground" "-no-remote" "-profile" "C:\\Users\\bolderadmin\\AppData\\Local\\Temp\\rust_mozprofilehJBy8x"
JavaScript error: resource://gre/modules/XULStore.jsm, line 66: Error: Can't find profile directory.
console.error: SearchCache: "_readCacheFile: Error reading cache file:" (new Error("", "(unknown module)"))
1601143944790	Marionette	INFO	Listening on port 56497
1601143945046	Marionette	WARN	TLS certificate errors will be ignored for this session
1601143955235	Marionette	INFO	Stopped listening on port 56497

###!!! [Child][RunMessage] Error: Channel closing: too late to send/recv, messages will be lost

1601143957368	geckodriver	INFO	Listening on 127.0.0.1:56566
1601143960445	mozrunner::runner	INFO	Running command: "C:\\Program Files (x86)\\Mozilla Firefox\\firefox.exe" "--marionette" "-foreground" "-no-remote" "-profile" "C:\\Users\\bolderadmin\\AppData\\Local\\Temp\\rust_mozprofileaSgg6w"
JavaScript error: resource://gre/modules/XULStore.jsm, line 66: Error: Can't find profile directory.
console.error: SearchCache: "_readCacheFile: Error reading cache file:" (new Error("", "(unknown module)"))
1601143963409	Marionette	INFO	Listening on port 56575
1601143963511	Marionette	WARN	TLS certificate errors will be ignored for this session
1601143972125	Marionette	INFO	Stopped listening on port 56575

###!!! [Child][RunMessage] Error: Channel closing: too late to send/recv, messages will be lost

1601143974000	geckodriver	INFO	Listening on 127.0.0.1:56646
1601143977101	mozrunner::runner	INFO	Running command: "C:\\Program Files (x86)\\Mozilla Firefox\\firefox.exe" "--marionette" "-foreground" "-no-remote" "-profile" "C:\\Users\\bolderadmin\\AppData\\Local\\Temp\\rust_mozprofileMVfgg2"
JavaScript error: resource://gre/modules/XULStore.jsm, line 66: Error: Can't find profile directory.
console.error: SearchCache: "_readCacheFile: Error reading cache file:" (new Error("", "(unknown module)"))
1601143979814	Marionette	INFO	Listening on port 56654
1601143980075	Marionette	WARN	TLS certificate errors will be ignored for this session
1601143990611	Marionette	INFO	Stopped listening on port 56654

###!!! [Child][RunMessage] Error: Channel closing: too late to send/recv, messages will be lost

[Parent 6236, Gecko_IOThread] WARNING: file /builds/worker/checkouts/gecko/ipc/chromium/src/base/process_util_win.cc, line 166
1601143992769	geckodriver	INFO	Listening on 127.0.0.1:56723
1601143995845	mozrunner::runner	INFO	Running command: "C:\\Program Files (x86)\\Mozilla Firefox\\firefox.exe" "--marionette" "-foreground" "-no-remote" "-profile" "C:\\Users\\bolderadmin\\AppData\\Local\\Temp\\rust_mozprofileKulPGr"
JavaScript error: resource://gre/modules/XULStore.jsm, line 66: Error: Can't find profile directory.
console.error: SearchCache: "_readCacheFile: Error reading cache file:" (new Error("", "(unknown module)"))
1601143998304	Marionette	INFO	Listening on port 56731
1601143998613	Marionette	WARN	TLS certificate errors will be ignored for this session
1601144009207	Marionette	INFO	Stopped listening on port 56731

###!!! [Child][RunMessage] Error: Channel closing: too late to send/recv, messages will be lost

1601144011499	geckodriver	INFO	Listening on 127.0.0.1:56807
1601144014557	mozrunner::runner	INFO	Running command: "C:\\Program Files (x86)\\Mozilla Firefox\\firefox.exe" "--marionette" "-foreground" "-no-remote" "-profile" "C:\\Users\\bolderadmin\\AppData\\Local\\Temp\\rust_mozprofile4tkKuS"
JavaScript error: resource://gre/modules/XULStore.jsm, line 66: Error: Can't find profile directory.
console.error: SearchCache: "_readCacheFile: Error reading cache file:" (new Error("", "(unknown module)"))
1601144016959	Marionette	INFO	Listening on port 56815
1601144017412	Marionette	WARN	TLS certificate errors will be ignored for this session
1601144029053	Marionette	INFO	Stopped listening on port 56815

###!!! [Child][RunMessage] Error: Channel closing: too late to send/recv, messages will be lost

1601144031138	geckodriver	INFO	Listening on 127.0.0.1:56887
1601144034213	mozrunner::runner	INFO	Running command: "C:\\Program Files (x86)\\Mozilla Firefox\\firefox.exe" "--marionette" "-foreground" "-no-remote" "-profile" "C:\\Users\\bolderadmin\\AppData\\Local\\Temp\\rust_mozprofile8dLIFx"
JavaScript error: resource://gre/modules/XULStore.jsm, line 66: Error: Can't find profile directory.
1601144046133	Marionette	INFO	Listening on port 56896
console.error: SearchCache: "_readCacheFile: Error reading cache file:" (new Error("", "(unknown module)"))
1601144046545	Marionette	WARN	TLS certificate errors will be ignored for this session
1601144056845	Marionette	INFO	Stopped listening on port 56896

###!!! [Child][RunMessage] Error: Channel closing: too late to send/recv, messages will be lost

[Parent 7572, Gecko_IOThread] WARNING: file /builds/worker/checkouts/gecko/ipc/chromium/src/base/process_util_win.cc, line 166
1601144059885	geckodriver	INFO	Listening on 127.0.0.1:56976
1601144062964	mozrunner::runner	INFO	Running command: "C:\\Program Files (x86)\\Mozilla Firefox\\firefox.exe" "--marionette" "-foreground" "-no-remote" "-profile" "C:\\Users\\bolderadmin\\AppData\\Local\\Temp\\rust_mozprofilek1A5Ha"
JavaScript error: resource://gre/modules/XULStore.jsm, line 66: Error: Can't find profile directory.
console.error: SearchCache: "_readCacheFile: Error reading cache file:" (new Error("", "(unknown module)"))
1601144065550	Marionette	INFO	Listening on port 56984
1601144065916	Marionette	WARN	TLS certificate errors will be ignored for this session
1601144076462	Marionette	INFO	Stopped listening on port 56984

###!!! [Child][RunMessage] Error: Channel closing: too late to send/recv, messages will be lost

1601144078936	geckodriver	INFO	Listening on 127.0.0.1:57053
1601144082103	mozrunner::runner	INFO	Running command: "C:\\Program Files (x86)\\Mozilla Firefox\\firefox.exe" "--marionette" "-foreground" "-no-remote" "-profile" "C:\\Users\\bolderadmin\\AppData\\Local\\Temp\\rust_mozprofileoDmIm1"
JavaScript error: resource://gre/modules/XULStore.jsm, line 66: Error: Can't find profile directory.
console.error: SearchCache: "_readCacheFile: Error reading cache file:" (new Error("", "(unknown module)"))
1601144084658	Marionette	INFO	Listening on port 57063
1601144084888	Marionette	WARN	TLS certificate errors will be ignored for this session
1601144095413	Marionette	INFO	Stopped listening on port 57063

###!!! [Child][RunMessage] Error: Channel closing: too late to send/recv, messages will be lost

1601144097861	geckodriver	INFO	Listening on 127.0.0.1:57133
1601144100933	mozrunner::runner	INFO	Running command: "C:\\Program Files (x86)\\Mozilla Firefox\\firefox.exe" "--marionette" "-foreground" "-no-remote" "-profile" "C:\\Users\\bolderadmin\\AppData\\Local\\Temp\\rust_mozprofileMvzbU2"
JavaScript error: resource://gre/modules/XULStore.jsm, line 66: Error: Can't find profile directory.
console.error: SearchCache: "_readCacheFile: Error reading cache file:" (new Error("", "(unknown module)"))
1601144103548	Marionette	INFO	Listening on port 57142
1601144103859	Marionette	WARN	TLS certificate errors will be ignored for this session
1601144114075	Marionette	INFO	Stopped listening on port 57142
[Parent 6108, Gecko_IOThread] WARNING: file /builds/worker/checkouts/gecko/ipc/chromium/src/base/process_util_win.cc, line 166
1601144116303	geckodriver	INFO	Listening on 127.0.0.1:57208
1601144119383	mozrunner::runner	INFO	Running command: "C:\\Program Files (x86)\\Mozilla Firefox\\firefox.exe" "--marionette" "-foreground" "-no-remote" "-profile" "C:\\Users\\bolderadmin\\AppData\\Local\\Temp\\rust_mozprofilegzyn8X"
JavaScript error: resource://gre/modules/XULStore.jsm, line 66: Error: Can't find profile directory.
console.error: SearchCache: "_readCacheFile: Error reading cache file:" (new Error("", "(unknown module)"))
1601144122056	Marionette	INFO	Listening on port 57216
1601144122199	Marionette	WARN	TLS certificate errors will be ignored for this session
1601144132147	Marionette	INFO	Stopped listening on port 57216
[Child 7188, Chrome_ChildThread] WARNING: pipe error: 232: file /builds/worker/checkouts/gecko/ipc/chromium/src/chrome/common/ipc_channel_win.cc, line 545

###!!! [Parent][RunMessage] Error: Channel closing: too late to send/recv, messages will be lost

1601144135428	geckodriver	INFO	Listening on 127.0.0.1:57288
1601144138504	mozrunner::runner	INFO	Running command: "C:\\Program Files (x86)\\Mozilla Firefox\\firefox.exe" "--marionette" "-foreground" "-no-remote" "-profile" "C:\\Users\\bolderadmin\\AppData\\Local\\Temp\\rust_mozprofileuiS2c4"
JavaScript error: resource://gre/modules/XULStore.jsm, line 66: Error: Can't find profile directory.
console.error: SearchCache: "_readCacheFile: Error reading cache file:" (new Error("", "(unknown module)"))
1601144141840	Marionette	INFO	Listening on port 57299
1601144142122	Marionette	WARN	TLS certificate errors will be ignored for this session
1601144152288	Marionette	INFO	Stopped listening on port 57299

###!!! [Child][RunMessage] Error: Channel closing: too late to send/recv, messages will be lost

1601144154187	geckodriver	INFO	Listening on 127.0.0.1:57374
1601144157272	mozrunner::runner	INFO	Running command: "C:\\Program Files (x86)\\Mozilla Firefox\\firefox.exe" "--marionette" "-foreground" "-no-remote" "-profile" "C:\\Users\\bolderadmin\\AppData\\Local\\Temp\\rust_mozprofileEcrk0k"
JavaScript error: resource://gre/modules/XULStore.jsm, line 66: Error: Can't find profile directory.
console.error: SearchCache: "_readCacheFile: Error reading cache file:" (new Error("", "(unknown module)"))
1601144160201	Marionette	INFO	Listening on port 57383
1601144160560	Marionette	WARN	TLS certificate errors will be ignored for this session
1601144170107	Marionette	INFO	Stopped listening on port 57383

###!!! [Child][RunMessage] Error: Channel closing: too late to send/recv, messages will be lost


###!!! [Child][RunMessage] Error: Channel closing: too late to send/recv, messages will be lost

1601144172711	geckodriver	INFO	Listening on 127.0.0.1:57445
1601144176146	mozrunner::runner	INFO	Running command: "C:\\Program Files (x86)\\Mozilla Firefox\\firefox.exe" "--marionette" "-foreground" "-no-remote" "-profile" "C:\\Users\\bolderadmin\\AppData\\Local\\Temp\\rust_mozprofileSvIWZC"
JavaScript error: resource://gre/modules/XULStore.jsm, line 66: Error: Can't find profile directory.
console.error: SearchCache: "_readCacheFile: Error reading cache file:" (new Error("", "(unknown module)"))
1601144178715	Marionette	INFO	Listening on port 57453
1601144178914	Marionette	WARN	TLS certificate errors will be ignored for this session
1601144188485	Marionette	INFO	Stopped listening on port 57453

###!!! [Child][RunMessage] Error: Channel closing: too late to send/recv, messages will be lost

1601144190289	geckodriver	INFO	Listening on 127.0.0.1:57520
1601144193351	mozrunner::runner	INFO	Running command: "C:\\Program Files (x86)\\Mozilla Firefox\\firefox.exe" "--marionette" "-foreground" "-no-remote" "-profile" "C:\\Users\\bolderadmin\\AppData\\Local\\Temp\\rust_mozprofilenUhsJY"
JavaScript error: resource://gre/modules/XULStore.jsm, line 66: Error: Can't find profile directory.
console.error: SearchCache: "_readCacheFile: Error reading cache file:" (new Error("", "(unknown module)"))
1601144195708	Marionette	INFO	Listening on port 57528
1601144196135	Marionette	WARN	TLS certificate errors will be ignored for this session
1601144204504	Marionette	INFO	Stopped listening on port 57528

###!!! [Child][RunMessage] Error: Channel closing: too late to send/recv, messages will be lost

1601144206303	geckodriver	INFO	Listening on 127.0.0.1:57593
1601144209389	mozrunner::runner	INFO	Running command: "C:\\Program Files (x86)\\Mozilla Firefox\\firefox.exe" "--marionette" "-foreground" "-no-remote" "-profile" "C:\\Users\\bolderadmin\\AppData\\Local\\Temp\\rust_mozprofileF7hwuL"
JavaScript error: resource://gre/modules/XULStore.jsm, line 66: Error: Can't find profile directory.
console.error: SearchCache: "_readCacheFile: Error reading cache file:" (new Error("", "(unknown module)"))
1601144211768	Marionette	INFO	Listening on port 57601
1601144212174	Marionette	WARN	TLS certificate errors will be ignored for this session
1601144222053	Marionette	INFO	Stopped listening on port 57601
[Parent 3256, Gecko_IOThread] WARNING: file /builds/worker/checkouts/gecko/ipc/chromium/src/base/process_util_win.cc, line 166

###!!! [Child][RunMessage] Error: Channel closing: too late to send/recv, messages will be lost

1601144224691	geckodriver	INFO	Listening on 127.0.0.1:57671
1601144227769	mozrunner::runner	INFO	Running command: "C:\\Program Files (x86)\\Mozilla Firefox\\firefox.exe" "--marionette" "-foreground" "-no-remote" "-profile" "C:\\Users\\bolderadmin\\AppData\\Local\\Temp\\rust_mozprofile7aSqGf"
JavaScript error: resource://gre/modules/XULStore.jsm, line 66: Error: Can't find profile directory.
console.error: SearchCache: "_readCacheFile: Error reading cache file:" (new Error("", "(unknown module)"))
1601144230026	Marionette	INFO	Listening on port 57679
1601144230065	Marionette	WARN	TLS certificate errors will be ignored for this session
1601144240496	Marionette	INFO	Stopped listening on port 57679
IPDL protocol error: Handler returned error code!

###!!! [Parent][DispatchAsyncMessage] Error: PLayerTransaction::Msg_ReleaseLayer Processing error: message was deserialized, but the handler returned false (indicating failure)


###!!! [Child][RunMessage] Error: Channel error: cannot send/recv

1601144242920	geckodriver	INFO	Listening on 127.0.0.1:57748
1601144245995	mozrunner::runner	INFO	Running command: "C:\\Program Files (x86)\\Mozilla Firefox\\firefox.exe" "--marionette" "-foreground" "-no-remote" "-profile" "C:\\Users\\bolderadmin\\AppData\\Local\\Temp\\rust_mozprofileK0ZOx5"
JavaScript error: resource://gre/modules/XULStore.jsm, line 66: Error: Can't find profile directory.
console.error: SearchCache: "_readCacheFile: Error reading cache file:" (new Error("", "(unknown module)"))
1601144248444	Marionette	INFO	Listening on port 57757
1601144248810	Marionette	WARN	TLS certificate errors will be ignored for this session
1601144259158	Marionette	INFO	Stopped listening on port 57757
[Parent 7900, Gecko_IOThread] WARNING: file /builds/worker/checkouts/gecko/ipc/chromium/src/base/process_util_win.cc, line 166
1601144261268	geckodriver	INFO	Listening on 127.0.0.1:57827
1601144264338	mozrunner::runner	INFO	Running command: "C:\\Program Files (x86)\\Mozilla Firefox\\firefox.exe" "--marionette" "-foreground" "-no-remote" "-profile" "C:\\Users\\bolderadmin\\AppData\\Local\\Temp\\rust_mozprofile7N3nkb"
JavaScript error: resource://gre/modules/XULStore.jsm, line 66: Error: Can't find profile directory.
console.error: SearchCache: "_readCacheFile: Error reading cache file:" (new Error("", "(unknown module)"))
1601144266774	Marionette	INFO	Listening on port 57835
1601144267122	Marionette	WARN	TLS certificate errors will be ignored for this session
1601144276994	Marionette	INFO	Stopped listening on port 57835
[Parent 6788, Gecko_IOThread] WARNING: pipe error: 232: file /builds/worker/checkouts/gecko/ipc/chromium/src/chrome/common/ipc_channel_win.cc, line 545
[Parent 6788, Gecko_IOThread] WARNING: file /builds/worker/checkouts/gecko/ipc/chromium/src/base/process_util_win.cc, line 166

###!!! [Child][RunMessage] Error: Channel closing: too late to send/recv, messages will be lost

1601144279628	geckodriver	INFO	Listening on 127.0.0.1:57900
1601144282726	mozrunner::runner	INFO	Running command: "C:\\Program Files (x86)\\Mozilla Firefox\\firefox.exe" "--marionette" "-foreground" "-no-remote" "-profile" "C:\\Users\\bolderadmin\\AppData\\Local\\Temp\\rust_mozprofileMLHTAu"
JavaScript error: resource://gre/modules/XULStore.jsm, line 66: Error: Can't find profile directory.
console.error: SearchCache: "_readCacheFile: Error reading cache file:" (new Error("", "(unknown module)"))
1601144285191	Marionette	INFO	Listening on port 57909
1601144285528	Marionette	WARN	TLS certificate errors will be ignored for this session
1601144295410	Marionette	INFO	Stopped listening on port 57909

###!!! [Child][RunMessage] Error: Channel closing: too late to send/recv, messages will be lost

1601144297976	geckodriver	INFO	Listening on 127.0.0.1:57979
1601144301054	mozrunner::runner	INFO	Running command: "C:\\Program Files (x86)\\Mozilla Firefox\\firefox.exe" "--marionette" "-foreground" "-no-remote" "-profile" "C:\\Users\\bolderadmin\\AppData\\Local\\Temp\\rust_mozprofileIt7VhH"
JavaScript error: resource://gre/modules/XULStore.jsm, line 66: Error: Can't find profile directory.
console.error: SearchCache: "_readCacheFile: Error reading cache file:" (new Error("", "(unknown module)"))
1601144303484	Marionette	INFO	Listening on port 57987
1601144303853	Marionette	WARN	TLS certificate errors will be ignored for this session
1601144313800	Marionette	INFO	Stopped listening on port 57987

###!!! [Child][RunMessage] Error: Channel closing: too late to send/recv, messages will be lost

1601144316220	geckodriver	INFO	Listening on 127.0.0.1:58058
1601144319296	mozrunner::runner	INFO	Running command: "C:\\Program Files (x86)\\Mozilla Firefox\\firefox.exe" "--marionette" "-foreground" "-no-remote" "-profile" "C:\\Users\\bolderadmin\\AppData\\Local\\Temp\\rust_mozprofilevRZFQ3"
JavaScript error: resource://gre/modules/XULStore.jsm, line 66: Error: Can't find profile directory.
console.error: SearchCache: "_readCacheFile: Error reading cache file:" (new Error("", "(unknown module)"))
1601144321745	Marionette	INFO	Listening on port 58066
1601144322081	Marionette	WARN	TLS certificate errors will be ignored for this session
1601144331930	Marionette	INFO	Stopped listening on port 58066
1601144334426	geckodriver	INFO	Listening on 127.0.0.1:58133
1601144337513	mozrunner::runner	INFO	Running command: "C:\\Program Files (x86)\\Mozilla Firefox\\firefox.exe" "--marionette" "-foreground" "-no-remote" "-profile" "C:\\Users\\bolderadmin\\AppData\\Local\\Temp\\rust_mozprofileDP3Hd3"
JavaScript error: resource://gre/modules/XULStore.jsm, line 66: Error: Can't find profile directory.
console.error: SearchCache: "_readCacheFile: Error reading cache file:" (new Error("", "(unknown module)"))
1601144339893	Marionette	INFO	Listening on port 58142
1601144340298	Marionette	WARN	TLS certificate errors will be ignored for this session
1601144351583	Marionette	INFO	Stopped listening on port 58142
[Parent 2576, Gecko_IOThread] WARNING: file /builds/worker/checkouts/gecko/ipc/chromium/src/base/process_util_win.cc, line 166
IPDL protocol error: Handler returned error code!

###!!! [Parent][DispatchAsyncMessage] Error: PLayerTransaction::Msg_ReleaseLayer Processing error: message was deserialized, but the handler returned false (indicating failure)


###!!! [Child][RunMessage] Error: Channel closing: too late to send/recv, messages will be lost

1601144353596	geckodriver	INFO	Listening on 127.0.0.1:58220
1601144356678	mozrunner::runner	INFO	Running command: "C:\\Program Files (x86)\\Mozilla Firefox\\firefox.exe" "--marionette" "-foreground" "-no-remote" "-profile" "C:\\Users\\bolderadmin\\AppData\\Local\\Temp\\rust_mozprofile0UmltJ"
JavaScript error: resource://gre/modules/XULStore.jsm, line 66: Error: Can't find profile directory.
console.error: SearchCache: "_readCacheFile: Error reading cache file:" (new Error("", "(unknown module)"))
1601144359002	Marionette	INFO	Listening on port 58228
1601144359446	Marionette	WARN	TLS certificate errors will be ignored for this session
1601144369678	Marionette	INFO	Stopped listening on port 58228

###!!! [Child][RunMessage] Error: Channel closing: too late to send/recv, messages will be lost

1601144371831	geckodriver	INFO	Listening on 127.0.0.1:58300
1601144375011	mozrunner::runner	INFO	Running command: "C:\\Program Files (x86)\\Mozilla Firefox\\firefox.exe" "--marionette" "-foreground" "-no-remote" "-profile" "C:\\Users\\bolderadmin\\AppData\\Local\\Temp\\rust_mozprofileWBEPGw"
JavaScript error: resource://gre/modules/XULStore.jsm, line 66: Error: Can't find profile directory.
console.error: SearchCache: "_readCacheFile: Error reading cache file:" (new Error("", "(unknown module)"))
1601144378380	Marionette	INFO	Listening on port 58308
1601144378551	Marionette	WARN	TLS certificate errors will be ignored for this session
1601144389310	Marionette	INFO	Stopped listening on port 58308
IPDL protocol error: Handler returned error code!

###!!! [Parent][DispatchAsyncMessage] Error: PLayerTransaction::Msg_ReleaseLayer Processing error: message was deserialized, but the handler returned false (indicating failure)

[Parent 5392, Gecko_IOThread] WARNING: file /builds/worker/checkouts/gecko/ipc/chromium/src/base/process_util_win.cc, line 166

###!!! [Child][RunMessage] Error: Channel closing: too late to send/recv, messages will be lost

1601144392349	geckodriver	INFO	Listening on 127.0.0.1:58375
1601144395420	mozrunner::runner	INFO	Running command: "C:\\Program Files (x86)\\Mozilla Firefox\\firefox.exe" "--marionette" "-foreground" "-no-remote" "-profile" "C:\\Users\\bolderadmin\\AppData\\Local\\Temp\\rust_mozprofilepMXUbs"
JavaScript error: resource://gre/modules/XULStore.jsm, line 66: Error: Can't find profile directory.
console.error: SearchCache: "_readCacheFile: Error reading cache file:" (new Error("", "(unknown module)"))
1601144397894	Marionette	INFO	Listening on port 58383
1601144398285	Marionette	WARN	TLS certificate errors will be ignored for this session
1601144407432	Marionette	INFO	Stopped listening on port 58383

###!!! [Parent][RunMessage] Error: Channel closing: too late to send/recv, messages will be lost

1601144410425	geckodriver	INFO	Listening on 127.0.0.1:58460
1601144413521	mozrunner::runner	INFO	Running command: "C:\\Program Files (x86)\\Mozilla Firefox\\firefox.exe" "--marionette" "-foreground" "-no-remote" "-profile" "C:\\Users\\bolderadmin\\AppData\\Local\\Temp\\rust_mozprofilesydPaJ"
JavaScript error: resource://gre/modules/XULStore.jsm, line 66: Error: Can't find profile directory.
console.error: SearchCache: "_readCacheFile: Error reading cache file:" (new Error("", "(unknown module)"))
1601144415922	Marionette	INFO	Listening on port 58469
1601144416312	Marionette	WARN	TLS certificate errors will be ignored for this session
1601144427267	Marionette	INFO	Stopped listening on port 58469
IPDL protocol error: Handler returned error code!

###!!! [Parent][DispatchAsyncMessage] Error: PLayerTransaction::Msg_ReleaseLayer Processing error: message was deserialized, but the handler returned false (indicating failure)


###!!! [Parent][MessageChannel] Error: (msgtype=0x1D0011,name=PBackgroundStorage::Msg_Observe) Channel error: cannot send/recv


###!!! [Child][RunMessage] Error: Channel closing: too late to send/recv, messages will be lost

1601144429007	geckodriver	INFO	Listening on 127.0.0.1:58545
1601144432047	mozrunner::runner	INFO	Running command: "C:\\Program Files (x86)\\Mozilla Firefox\\firefox.exe" "--marionette" "-foreground" "-no-remote" "-profile" "C:\\Users\\bolderadmin\\AppData\\Local\\Temp\\rust_mozprofile05GqUQ"
JavaScript error: resource://gre/modules/XULStore.jsm, line 66: Error: Can't find profile directory.
console.error: SearchCache: "_readCacheFile: Error reading cache file:" (new Error("", "(unknown module)"))
1601144434528	Marionette	INFO	Listening on port 58553
1601144434785	Marionette	WARN	TLS certificate errors will be ignored for this session
1601144445398	Marionette	INFO	Stopped listening on port 58553

###!!! [Child][RunMessage] Error: Channel closing: too late to send/recv, messages will be lost

1601144447275	geckodriver	INFO	Listening on 127.0.0.1:58626
1601144450339	mozrunner::runner	INFO	Running command: "C:\\Program Files (x86)\\Mozilla Firefox\\firefox.exe" "--marionette" "-foreground" "-no-remote" "-profile" "C:\\Users\\bolderadmin\\AppData\\Local\\Temp\\rust_mozprofilePKvbvs"
JavaScript error: resource://gre/modules/XULStore.jsm, line 66: Error: Can't find profile directory.
console.error: SearchCache: "_readCacheFile: Error reading cache file:" (new Error("", "(unknown module)"))
1601144452588	Marionette	INFO	Listening on port 58634
1601144452623	Marionette	WARN	TLS certificate errors will be ignored for this session
1601144462988	Marionette	INFO	Stopped listening on port 58634
[Parent 5192, Gecko_IOThread] WARNING: file /builds/worker/checkouts/gecko/ipc/chromium/src/base/process_util_win.cc, line 166

###!!! [Child][RunMessage] Error: Channel closing: too late to send/recv, messages will be lost

1601144465622	geckodriver	INFO	Listening on 127.0.0.1:58704
1601144468700	mozrunner::runner	INFO	Running command: "C:\\Program Files (x86)\\Mozilla Firefox\\firefox.exe" "--marionette" "-foreground" "-no-remote" "-profile" "C:\\Users\\bolderadmin\\AppData\\Local\\Temp\\rust_mozprofileqnANdy"
JavaScript error: resource://gre/modules/XULStore.jsm, line 66: Error: Can't find profile directory.
console.error: SearchCache: "_readCacheFile: Error reading cache file:" (new Error("", "(unknown module)"))
1601144471086	Marionette	INFO	Listening on port 58712
1601144471504	Marionette	WARN	TLS certificate errors will be ignored for this session
1601144481467	Marionette	INFO	Stopped listening on port 58712
IPDL protocol error: Handler returned error code!

###!!! [Parent][DispatchAsyncMessage] Error: PLayerTransaction::Msg_ReleaseLayer Processing error: message was deserialized, but the handler returned false (indicating failure)


###!!! [Child][RunMessage] Error: Channel closing: too late to send/recv, messages will be lost

1601144483937	geckodriver	INFO	Listening on 127.0.0.1:58781
1601144487022	mozrunner::runner	INFO	Running command: "C:\\Program Files (x86)\\Mozilla Firefox\\firefox.exe" "--marionette" "-foreground" "-no-remote" "-profile" "C:\\Users\\bolderadmin\\AppData\\Local\\Temp\\rust_mozprofiletE7GWk"
JavaScript error: resource://gre/modules/XULStore.jsm, line 66: Error: Can't find profile directory.
console.error: SearchCache: "_readCacheFile: Error reading cache file:" (new Error("", "(unknown module)"))
1601144489446	Marionette	INFO	Listening on port 58790
1601144489790	Marionette	WARN	TLS certificate errors will be ignored for this session
1601144499820	Marionette	INFO	Stopped listening on port 58790

###!!! [Child][RunMessage] Error: Channel closing: too late to send/recv, messages will be lost

1601144502659	geckodriver	INFO	Listening on 127.0.0.1:58854
1601144505727	mozrunner::runner	INFO	Running command: "C:\\Program Files (x86)\\Mozilla Firefox\\firefox.exe" "--marionette" "-foreground" "-no-remote" "-profile" "C:\\Users\\bolderadmin\\AppData\\Local\\Temp\\rust_mozprofileYj79Dp"
JavaScript error: resource://gre/modules/XULStore.jsm, line 66: Error: Can't find profile directory.
console.error: SearchCache: "_readCacheFile: Error reading cache file:" (new Error("", "(unknown module)"))
1601144508106	Marionette	INFO	Listening on port 58862
1601144508506	Marionette	WARN	TLS certificate errors will be ignored for this session
1601144518503	Marionette	INFO	Stopped listening on port 58862
1601144520939	geckodriver	INFO	Listening on 127.0.0.1:58934
1601144523983	mozrunner::runner	INFO	Running command: "C:\\Program Files (x86)\\Mozilla Firefox\\firefox.exe" "--marionette" "-foreground" "-no-remote" "-profile" "C:\\Users\\bolderadmin\\AppData\\Local\\Temp\\rust_mozprofileafef3J"
JavaScript error: resource://gre/modules/XULStore.jsm, line 66: Error: Can't find profile directory.
console.error: SearchCache: "_readCacheFile: Error reading cache file:" (new Error("", "(unknown module)"))
1601144526416	Marionette	INFO	Listening on port 58943
1601144526770	Marionette	WARN	TLS certificate errors will be ignored for this session
1601144537202	Marionette	INFO	Stopped listening on port 58943

###!!! [Child][RunMessage] Error: Channel closing: too late to send/recv, messages will be lost

1601144539798	geckodriver	INFO	Listening on 127.0.0.1:59015
1601144543286	mozrunner::runner	INFO	Running command: "C:\\Program Files (x86)\\Mozilla Firefox\\firefox.exe" "--marionette" "-foreground" "-no-remote" "-profile" "C:\\Users\\bolderadmin\\AppData\\Local\\Temp\\rust_mozprofileMAtWzo"
JavaScript error: resource://gre/modules/XULStore.jsm, line 66: Error: Can't find profile directory.
console.error: SearchCache: "_readCacheFile: Error reading cache file:" (new Error("", "(unknown module)"))
1601144545697	Marionette	INFO	Listening on port 59023
1601144546074	Marionette	WARN	TLS certificate errors will be ignored for this session
1601144557043	Marionette	INFO	Stopped listening on port 59023

###!!! [Child][RunMessage] Error: Channel closing: too late to send/recv, messages will be lost

1601144558908	geckodriver	INFO	Listening on 127.0.0.1:59095
1601144561961	mozrunner::runner	INFO	Running command: "C:\\Program Files (x86)\\Mozilla Firefox\\firefox.exe" "--marionette" "-foreground" "-no-remote" "-profile" "C:\\Users\\bolderadmin\\AppData\\Local\\Temp\\rust_mozprofileY8hMt2"
JavaScript error: resource://gre/modules/XULStore.jsm, line 66: Error: Can't find profile directory.
console.error: SearchCache: "_readCacheFile: Error reading cache file:" (new Error("", "(unknown module)"))
1601144564599	Marionette	INFO	Listening on port 59104
1601144564763	Marionette	WARN	TLS certificate errors will be ignored for this session
1601144575049	Marionette	INFO	Stopped listening on port 59104
1601144577429	geckodriver	INFO	Listening on 127.0.0.1:59176
1601144580530	mozrunner::runner	INFO	Running command: "C:\\Program Files (x86)\\Mozilla Firefox\\firefox.exe" "--marionette" "-foreground" "-no-remote" "-profile" "C:\\Users\\bolderadmin\\AppData\\Local\\Temp\\rust_mozprofilePf2oUd"
JavaScript error: resource://gre/modules/XULStore.jsm, line 66: Error: Can't find profile directory.
console.error: SearchCache: "_readCacheFile: Error reading cache file:" (new Error("", "(unknown module)"))
1601144583457	Marionette	INFO	Listening on port 59184
1601144583816	Marionette	WARN	TLS certificate errors will be ignored for this session
1601144594777	Marionette	INFO	Stopped listening on port 59184
IPDL protocol error: Handler returned error code!

###!!! [Parent][DispatchAsyncMessage] Error: PLayerTransaction::Msg_ReleaseLayer Processing error: message was deserialized, but the handler returned false (indicating failure)


###!!! [Child][RunMessage] Error: Channel closing: too late to send/recv, messages will be lost

1601144596975	geckodriver	INFO	Listening on 127.0.0.1:59254
1601144600038	mozrunner::runner	INFO	Running command: "C:\\Program Files (x86)\\Mozilla Firefox\\firefox.exe" "--marionette" "-foreground" "-no-remote" "-profile" "C:\\Users\\bolderadmin\\AppData\\Local\\Temp\\rust_mozprofilebZ29C0"
JavaScript error: resource://gre/modules/XULStore.jsm, line 66: Error: Can't find profile directory.
console.error: SearchCache: "_readCacheFile: Error reading cache file:" (new Error("", "(unknown module)"))
1601144602536	Marionette	INFO	Listening on port 59262
1601144602884	Marionette	WARN	TLS certificate errors will be ignored for this session
1601144608686	Marionette	INFO	Stopped listening on port 59262
IPDL protocol error: Handler returned error code!

###!!! [Parent][DispatchAsyncMessage] Error: PLayerTransaction::Msg_ReleaseLayer Processing error: message was deserialized, but the handler returned false (indicating failure)

IPDL protocol error: Handler returned error code!

###!!! [Parent][DispatchAsyncMessage] Error: PLayerTransaction::Msg_ReleaseLayer Processing error: message was deserialized, but the handler returned false (indicating failure)


###!!! [Child][RunMessage] Error: Channel closing: too late to send/recv, messages will be lost

1601144610038	geckodriver	INFO	Listening on 127.0.0.1:59320
1601144613123	mozrunner::runner	INFO	Running command: "C:\\Program Files (x86)\\Mozilla Firefox\\firefox.exe" "--marionette" "-foreground" "-no-remote" "-profile" "C:\\Users\\bolderadmin\\AppData\\Local\\Temp\\rust_mozprofile4QpQPj"
JavaScript error: resource://gre/modules/XULStore.jsm, line 66: Error: Can't find profile directory.
console.error: SearchCache: "_readCacheFile: Error reading cache file:" (new Error("", "(unknown module)"))
1601144615551	Marionette	INFO	Listening on port 59328
1601144615891	Marionette	WARN	TLS certificate errors will be ignored for this session
1601144626470	Marionette	INFO	Stopped listening on port 59328
[Parent 4424, Gecko_IOThread] WARNING: pipe error: 232: file /builds/worker/checkouts/gecko/ipc/chromium/src/chrome/common/ipc_channel_win.cc, line 545
IPDL protocol error: Handler returned error code!

###!!! [Parent][DispatchAsyncMessage] Error: PLayerTransaction::Msg_ReleaseLayer Processing error: message was deserialized, but the handler returned false (indicating failure)

[Parent 4424, Gecko_IOThread] WARNING: file /builds/worker/checkouts/gecko/ipc/chromium/src/base/process_util_win.cc, line 166
1601144628683	geckodriver	INFO	Listening on 127.0.0.1:59395
1601144631738	mozrunner::runner	INFO	Running command: "C:\\Program Files (x86)\\Mozilla Firefox\\firefox.exe" "--marionette" "-foreground" "-no-remote" "-profile" "C:\\Users\\bolderadmin\\AppData\\Local\\Temp\\rust_mozprofileEbZMWR"
JavaScript error: resource://gre/modules/XULStore.jsm, line 66: Error: Can't find profile directory.
console.error: SearchCache: "_readCacheFile: Error reading cache file:" (new Error("", "(unknown module)"))
1601144634319	Marionette	INFO	Listening on port 59403
1601144634484	Marionette	WARN	TLS certificate errors will be ignored for this session
1601144644507	Marionette	INFO	Stopped listening on port 59403
[Parent 7768, Gecko_IOThread] WARNING: file /builds/worker/checkouts/gecko/ipc/chromium/src/base/process_util_win.cc, line 166
1601144647003	geckodriver	INFO	Listening on 127.0.0.1:59472
1601144650065	mozrunner::runner	INFO	Running command: "C:\\Program Files (x86)\\Mozilla Firefox\\firefox.exe" "--marionette" "-foreground" "-no-remote" "-profile" "C:\\Users\\bolderadmin\\AppData\\Local\\Temp\\rust_mozprofilePNfQVS"
JavaScript error: resource://gre/modules/XULStore.jsm, line 66: Error: Can't find profile directory.
console.error: SearchCache: "_readCacheFile: Error reading cache file:" (new Error("", "(unknown module)"))
1601144652886	Marionette	INFO	Listening on port 59481
1601144653368	Marionette	WARN	TLS certificate errors will be ignored for this session
1601144663284	Marionette	INFO	Stopped listening on port 59481

###!!! [Child][RunMessage] Error: Channel closing: too late to send/recv, messages will be lost

1601144665642	geckodriver	INFO	Listening on 127.0.0.1:59547
1601144669302	mozrunner::runner	INFO	Running command: "C:\\Program Files (x86)\\Mozilla Firefox\\firefox.exe" "--marionette" "-foreground" "-no-remote" "-profile" "C:\\Users\\bolderadmin\\AppData\\Local\\Temp\\rust_mozprofileEf4EMd"
JavaScript error: resource://gre/modules/XULStore.jsm, line 66: Error: Can't find profile directory.
console.error: SearchCache: "_readCacheFile: Error reading cache file:" (new Error("", "(unknown module)"))
1601144671848	Marionette	INFO	Listening on port 59556
1601144672104	Marionette	WARN	TLS certificate errors will be ignored for this session
1601144682492	Marionette	INFO	Stopped listening on port 59556

###!!! [Child][RunMessage] Error: Channel closing: too late to send/recv, messages will be lost

1601144684576	geckodriver	INFO	Listening on 127.0.0.1:59628
1601144687630	mozrunner::runner	INFO	Running command: "C:\\Program Files (x86)\\Mozilla Firefox\\firefox.exe" "--marionette" "-foreground" "-no-remote" "-profile" "C:\\Users\\bolderadmin\\AppData\\Local\\Temp\\rust_mozprofileKFXuz5"
JavaScript error: resource://gre/modules/XULStore.jsm, line 66: Error: Can't find profile directory.
console.error: SearchCache: "_readCacheFile: Error reading cache file:" (new Error("", "(unknown module)"))
1601144690035	Marionette	INFO	Listening on port 59636
1601144690414	Marionette	WARN	TLS certificate errors will be ignored for this session
1601144700610	Marionette	INFO	Stopped listening on port 59636
[Parent 6156, Gecko_IOThread] WARNING: file /builds/worker/checkouts/gecko/ipc/chromium/src/base/process_util_win.cc, line 166
[Parent 6156, Gecko_IOThread] WARNING: file /builds/worker/checkouts/gecko/ipc/chromium/src/base/process_util_win.cc, line 166
1601144702524	geckodriver	INFO	Listening on 127.0.0.1:59700
1601144705566	mozrunner::runner	INFO	Running command: "C:\\Program Files (x86)\\Mozilla Firefox\\firefox.exe" "--marionette" "-foreground" "-no-remote" "-profile" "C:\\Users\\bolderadmin\\AppData\\Local\\Temp\\rust_mozprofilenUcs4Q"
JavaScript error: resource://gre/modules/XULStore.jsm, line 66: Error: Can't find profile directory.
console.error: SearchCache: "_readCacheFile: Error reading cache file:" (new Error("", "(unknown module)"))
1601144708042	Marionette	INFO	Listening on port 59708
1601144708335	Marionette	WARN	TLS certificate errors will be ignored for this session
1601144718883	Marionette	INFO	Stopped listening on port 59708
[Parent 5632, Gecko_IOThread] WARNING: file /builds/worker/checkouts/gecko/ipc/chromium/src/base/process_util_win.cc, line 166
IPDL protocol error: Handler returned error code!

###!!! [Parent][DispatchAsyncMessage] Error: PLayerTransaction::Msg_ReleaseLayer Processing error: message was deserialized, but the handler returned false (indicating failure)


###!!! [Child][RunMessage] Error: Channel closing: too late to send/recv, messages will be lost

1601144721280	geckodriver	INFO	Listening on 127.0.0.1:59783
1601144724364	mozrunner::runner	INFO	Running command: "C:\\Program Files (x86)\\Mozilla Firefox\\firefox.exe" "--marionette" "-foreground" "-no-remote" "-profile" "C:\\Users\\bolderadmin\\AppData\\Local\\Temp\\rust_mozprofilefkEQMW"
JavaScript error: resource://gre/modules/XULStore.jsm, line 66: Error: Can't find profile directory.
console.error: SearchCache: "_readCacheFile: Error reading cache file:" (new Error("", "(unknown module)"))
1601144726805	Marionette	INFO	Listening on port 59791
1601144727153	Marionette	WARN	TLS certificate errors will be ignored for this session
1601144737674	Marionette	INFO	Stopped listening on port 59791

###!!! [Child][RunMessage] Error: Channel closing: too late to send/recv, messages will be lost

[Parent 2548, Gecko_IOThread] WARNING: file /builds/worker/checkouts/gecko/ipc/chromium/src/base/process_util_win.cc, line 166
1601144739606	geckodriver	INFO	Listening on 127.0.0.1:59861
1601144742663	mozrunner::runner	INFO	Running command: "C:\\Program Files (x86)\\Mozilla Firefox\\firefox.exe" "--marionette" "-foreground" "-no-remote" "-profile" "C:\\Users\\bolderadmin\\AppData\\Local\\Temp\\rust_mozprofileSSJAts"
JavaScript error: resource://gre/modules/XULStore.jsm, line 66: Error: Can't find profile directory.
console.error: SearchCache: "_readCacheFile: Error reading cache file:" (new Error("", "(unknown module)"))
1601144745026	Marionette	INFO	Listening on port 59870
1601144745432	Marionette	WARN	TLS certificate errors will be ignored for this session
1601144755732	Marionette	INFO	Stopped listening on port 59870

###!!! [Child][RunMessage] Error: Channel closing: too late to send/recv, messages will be lost


###!!! [Child][RunMessage] Error: Channel closing: too late to send/recv, messages will be lost

1601144758399	geckodriver	INFO	Listening on 127.0.0.1:59939
1601144761458	mozrunner::runner	INFO	Running command: "C:\\Program Files (x86)\\Mozilla Firefox\\firefox.exe" "--marionette" "-foreground" "-no-remote" "-profile" "C:\\Users\\bolderadmin\\AppData\\Local\\Temp\\rust_mozprofileKrJ74Y"
JavaScript error: resource://gre/modules/XULStore.jsm, line 66: Error: Can't find profile directory.
console.error: SearchCache: "_readCacheFile: Error reading cache file:" (new Error("", "(unknown module)"))
1601144764056	Marionette	INFO	Listening on port 59947
1601144764244	Marionette	WARN	TLS certificate errors will be ignored for this session
1601144775377	Marionette	INFO	Stopped listening on port 59947

###!!! [Child][RunMessage] Error: Channel closing: too late to send/recv, messages will be lost

1601144777762	geckodriver	INFO	Listening on 127.0.0.1:60023
1601144780840	mozrunner::runner	INFO	Running command: "C:\\Program Files (x86)\\Mozilla Firefox\\firefox.exe" "--marionette" "-foreground" "-no-remote" "-profile" "C:\\Users\\bolderadmin\\AppData\\Local\\Temp\\rust_mozprofileIGgS7i"
JavaScript error: resource://gre/modules/XULStore.jsm, line 66: Error: Can't find profile directory.
console.error: SearchCache: "_readCacheFile: Error reading cache file:" (new Error("", "(unknown module)"))
1601144783573	Marionette	INFO	Listening on port 60031
1601144783608	Marionette	WARN	TLS certificate errors will be ignored for this session
1601144793323	Marionette	INFO	Stopped listening on port 60031
[Parent 5276, Gecko_IOThread] WARNING: file /builds/worker/checkouts/gecko/ipc/chromium/src/base/process_util_win.cc, line 166

###!!! [Child][RunMessage] Error: Channel closing: too late to send/recv, messages will be lost


###!!! [Child][RunMessage] Error: Channel closing: too late to send/recv, messages will be lost

1601144795764	geckodriver	INFO	Listening on 127.0.0.1:60101
1601144798815	mozrunner::runner	INFO	Running command: "C:\\Program Files (x86)\\Mozilla Firefox\\firefox.exe" "--marionette" "-foreground" "-no-remote" "-profile" "C:\\Users\\bolderadmin\\AppData\\Local\\Temp\\rust_mozprofileKLQNPR"
JavaScript error: resource://gre/modules/XULStore.jsm, line 66: Error: Can't find profile directory.
console.error: SearchCache: "_readCacheFile: Error reading cache file:" (new Error("", "(unknown module)"))
1601144801354	Marionette	INFO	Listening on port 60109
1601144801630	Marionette	WARN	TLS certificate errors will be ignored for this session
1601144811970	Marionette	INFO	Stopped listening on port 60109
[Parent 7308, Gecko_IOThread] WARNING: pipe error: 232: file /builds/worker/checkouts/gecko/ipc/chromium/src/chrome/common/ipc_channel_win.cc, line 545
[Parent 7308, Gecko_IOThread] WARNING: file /builds/worker/checkouts/gecko/ipc/chromium/src/base/process_util_win.cc, line 166

###!!! [Child][RunMessage] Error: Channel closing: too late to send/recv, messages will be lost

1601144814721	geckodriver	INFO	Listening on 127.0.0.1:60174
1601144817812	mozrunner::runner	INFO	Running command: "C:\\Program Files (x86)\\Mozilla Firefox\\firefox.exe" "--marionette" "-foreground" "-no-remote" "-profile" "C:\\Users\\bolderadmin\\AppData\\Local\\Temp\\rust_mozprofilepyF7gN"
JavaScript error: resource://gre/modules/XULStore.jsm, line 66: Error: Can't find profile directory.
console.error: SearchCache: "_readCacheFile: Error reading cache file:" (new Error("", "(unknown module)"))
1601144820231	Marionette	INFO	Listening on port 60183
1601144820584	Marionette	WARN	TLS certificate errors will be ignored for this session
1601144831541	Marionette	INFO	Stopped listening on port 60183

###!!! [Child][RunMessage] Error: Channel closing: too late to send/recv, messages will be lost

[Parent 7040, Gecko_IOThread] WARNING: file /builds/worker/checkouts/gecko/ipc/chromium/src/base/process_util_win.cc, line 166
1601144833365	geckodriver	INFO	Listening on 127.0.0.1:60255
1601144836440	mozrunner::runner	INFO	Running command: "C:\\Program Files (x86)\\Mozilla Firefox\\firefox.exe" "--marionette" "-foreground" "-no-remote" "-profile" "C:\\Users\\bolderadmin\\AppData\\Local\\Temp\\rust_mozprofilemF2FGd"
JavaScript error: resource://gre/modules/XULStore.jsm, line 66: Error: Can't find profile directory.
console.error: SearchCache: "_readCacheFile: Error reading cache file:" (new Error("", "(unknown module)"))
1601144839021	Marionette	INFO	Listening on port 60263
1601144839349	Marionette	WARN	TLS certificate errors will be ignored for this session
1601144849854	Marionette	INFO	Stopped listening on port 60263
1601144851848	geckodriver	INFO	Listening on 127.0.0.1:60333
1601144855179	mozrunner::runner	INFO	Running command: "C:\\Program Files (x86)\\Mozilla Firefox\\firefox.exe" "--marionette" "-foreground" "-no-remote" "-profile" "C:\\Users\\bolderadmin\\AppData\\Local\\Temp\\rust_mozprofileO4zjCi"
JavaScript error: resource://gre/modules/XULStore.jsm, line 66: Error: Can't find profile directory.
console.error: SearchCache: "_readCacheFile: Error reading cache file:" (new Error("", "(unknown module)"))
1601144858056	Marionette	INFO	Listening on port 60349
1601144858476	Marionette	WARN	TLS certificate errors will be ignored for this session
1601144868475	Marionette	INFO	Stopped listening on port 60349

###!!! [Child][RunMessage] Error: Channel closing: too late to send/recv, messages will be lost

1601144870844	geckodriver	INFO	Listening on 127.0.0.1:60416
1601144873896	mozrunner::runner	INFO	Running command: "C:\\Program Files (x86)\\Mozilla Firefox\\firefox.exe" "--marionette" "-foreground" "-no-remote" "-profile" "C:\\Users\\bolderadmin\\AppData\\Local\\Temp\\rust_mozprofile0ld2wc"
JavaScript error: resource://gre/modules/XULStore.jsm, line 66: Error: Can't find profile directory.
console.error: SearchCache: "_readCacheFile: Error reading cache file:" (new Error("", "(unknown module)"))
1601144876614	Marionette	INFO	Listening on port 60424
1601144876838	Marionette	WARN	TLS certificate errors will be ignored for this session
1601144888069	Marionette	INFO	Stopped listening on port 60424

###!!! [Child][RunMessage] Error: Channel closing: too late to send/recv, messages will be lost

1601144890429	geckodriver	INFO	Listening on 127.0.0.1:60495
1601144893501	mozrunner::runner	INFO	Running command: "C:\\Program Files (x86)\\Mozilla Firefox\\firefox.exe" "--marionette" "-foreground" "-no-remote" "-profile" "C:\\Users\\bolderadmin\\AppData\\Local\\Temp\\rust_mozprofilekdYfR8"
JavaScript error: resource://gre/modules/XULStore.jsm, line 66: Error: Can't find profile directory.
console.error: SearchCache: "_readCacheFile: Error reading cache file:" (new Error("", "(unknown module)"))
1601144896115	Marionette	INFO	Listening on port 60505
1601144896340	Marionette	WARN	TLS certificate errors will be ignored for this session
1601144907176	Marionette	INFO	Stopped listening on port 60505
[Parent 7960, Gecko_IOThread] WARNING: file /builds/worker/checkouts/gecko/ipc/chromium/src/base/process_util_win.cc, line 166
1601144909266	geckodriver	INFO	Listening on 127.0.0.1:60580
1601144912305	mozrunner::runner	INFO	Running command: "C:\\Program Files (x86)\\Mozilla Firefox\\firefox.exe" "--marionette" "-foreground" "-no-remote" "-profile" "C:\\Users\\bolderadmin\\AppData\\Local\\Temp\\rust_mozprofileCF0k3B"
JavaScript error: resource://gre/modules/XULStore.jsm, line 66: Error: Can't find profile directory.
console.error: SearchCache: "_readCacheFile: Error reading cache file:" (new Error("", "(unknown module)"))
1601144914731	Marionette	INFO	Listening on port 60590
1601144915089	Marionette	WARN	TLS certificate errors will be ignored for this session
1601144926851	Marionette	INFO	Stopped listening on port 60590
[Parent 5276, Gecko_IOThread] WARNING: file /builds/worker/checkouts/gecko/ipc/chromium/src/base/process_util_win.cc, line 166

###!!! [Child][RunMessage] Error: Channel closing: too late to send/recv, messages will be lost

[Parent 5276, Gecko_IOThread] WARNING: file /builds/worker/checkouts/gecko/ipc/chromium/src/base/process_util_win.cc, line 166
[Parent 5276, Gecko_IOThread] WARNING: file /builds/worker/checkouts/gecko/ipc/chromium/src/base/process_util_win.cc, line 166
1601144928884	geckodriver	INFO	Listening on 127.0.0.1:60663
1601144931975	mozrunner::runner	INFO	Running command: "C:\\Program Files (x86)\\Mozilla Firefox\\firefox.exe" "--marionette" "-foreground" "-no-remote" "-profile" "C:\\Users\\bolderadmin\\AppData\\Local\\Temp\\rust_mozprofile777bln"
JavaScript error: resource://gre/modules/XULStore.jsm, line 66: Error: Can't find profile directory.
console.error: SearchCache: "_readCacheFile: Error reading cache file:" (new Error("", "(unknown module)"))
1601144934331	Marionette	INFO	Listening on port 60671
1601144934759	Marionette	WARN	TLS certificate errors will be ignored for this session
1601144940695	Marionette	INFO	Stopped listening on port 60671

###!!! [Child][RunMessage] Error: Channel closing: too late to send/recv, messages will be lost


###!!! [Child][RunMessage] Error: Channel closing: too late to send/recv, messages will be lost

1601144942666	geckodriver	INFO	Listening on 127.0.0.1:60733
1601144945712	mozrunner::runner	INFO	Running command: "C:\\Program Files (x86)\\Mozilla Firefox\\firefox.exe" "--marionette" "-foreground" "-no-remote" "-profile" "C:\\Users\\bolderadmin\\AppData\\Local\\Temp\\rust_mozprofileVqfEmf"
JavaScript error: resource://gre/modules/XULStore.jsm, line 66: Error: Can't find profile directory.
console.error: SearchCache: "_readCacheFile: Error reading cache file:" (new Error("", "(unknown module)"))
1601144948216	Marionette	INFO	Listening on port 60741
1601144948495	Marionette	WARN	TLS certificate errors will be ignored for this session
1601144959437	Marionette	INFO	Stopped listening on port 60741
[Parent 840, Gecko_IOThread] WARNING: file /builds/worker/checkouts/gecko/ipc/chromium/src/base/process_util_win.cc, line 166
1601144961496	geckodriver	INFO	Listening on 127.0.0.1:60814
1601144964593	mozrunner::runner	INFO	Running command: "C:\\Program Files (x86)\\Mozilla Firefox\\firefox.exe" "--marionette" "-foreground" "-no-remote" "-profile" "C:\\Users\\bolderadmin\\AppData\\Local\\Temp\\rust_mozprofileSzPIyW"
JavaScript error: resource://gre/modules/XULStore.jsm, line 66: Error: Can't find profile directory.
console.error: SearchCache: "_readCacheFile: Error reading cache file:" (new Error("", "(unknown module)"))
1601144968433	Marionette	INFO	Listening on port 60822
1601144968538	Marionette	WARN	TLS certificate errors will be ignored for this session
1601144979438	Marionette	INFO	Stopped listening on port 60822

###!!! [Child][RunMessage] Error: Channel closing: too late to send/recv, messages will be lost

1601144981694	geckodriver	INFO	Listening on 127.0.0.1:60899
1601144984750	mozrunner::runner	INFO	Running command: "C:\\Program Files (x86)\\Mozilla Firefox\\firefox.exe" "--marionette" "-foreground" "-no-remote" "-profile" "C:\\Users\\bolderadmin\\AppData\\Local\\Temp\\rust_mozprofile2dJv59"
JavaScript error: resource://gre/modules/XULStore.jsm, line 66: Error: Can't find profile directory.
console.error: SearchCache: "_readCacheFile: Error reading cache file:" (new Error("", "(unknown module)"))
1601144987263	Marionette	INFO	Listening on port 60908
1601144987555	Marionette	WARN	TLS certificate errors will be ignored for this session
1601144997889	Marionette	INFO	Stopped listening on port 60908
1601145000309	geckodriver	INFO	Listening on 127.0.0.1:60975
1601145003357	mozrunner::runner	INFO	Running command: "C:\\Program Files (x86)\\Mozilla Firefox\\firefox.exe" "--marionette" "-foreground" "-no-remote" "-profile" "C:\\Users\\bolderadmin\\AppData\\Local\\Temp\\rust_mozprofile5LoB6r"
JavaScript error: resource://gre/modules/XULStore.jsm, line 66: Error: Can't find profile directory.
console.error: SearchCache: "_readCacheFile: Error reading cache file:" (new Error("", "(unknown module)"))
1601145005894	Marionette	INFO	Listening on port 60983
1601145006192	Marionette	WARN	TLS certificate errors will be ignored for this session
1601145016044	Marionette	INFO	Stopped listening on port 60983

###!!! [Child][RunMessage] Error: Channel closing: too late to send/recv, messages will be lost

1601145018388	geckodriver	INFO	Listening on 127.0.0.1:61058
1601145021462	mozrunner::runner	INFO	Running command: "C:\\Program Files (x86)\\Mozilla Firefox\\firefox.exe" "--marionette" "-foreground" "-no-remote" "-profile" "C:\\Users\\bolderadmin\\AppData\\Local\\Temp\\rust_mozprofileen41RO"
JavaScript error: resource://gre/modules/XULStore.jsm, line 66: Error: Can't find profile directory.
console.error: SearchCache: "_readCacheFile: Error reading cache file:" (new Error("", "(unknown module)"))
1601145023996	Marionette	INFO	Listening on port 61066
1601145024281	Marionette	WARN	TLS certificate errors will be ignored for this session
1601145034642	Marionette	INFO	Stopped listening on port 61066
[Parent 2292, Gecko_IOThread] WARNING: file /builds/worker/checkouts/gecko/ipc/chromium/src/base/process_util_win.cc, line 166
1601145036536	geckodriver	INFO	Listening on 127.0.0.1:61136
1601145039575	mozrunner::runner	INFO	Running command: "C:\\Program Files (x86)\\Mozilla Firefox\\firefox.exe" "--marionette" "-foreground" "-no-remote" "-profile" "C:\\Users\\bolderadmin\\AppData\\Local\\Temp\\rust_mozprofileCWVvaY"
JavaScript error: resource://gre/modules/XULStore.jsm, line 66: Error: Can't find profile directory.
console.error: SearchCache: "_readCacheFile: Error reading cache file:" (new Error("", "(unknown module)"))
1601145042119	Marionette	INFO	Listening on port 61144
1601145042390	Marionette	WARN	TLS certificate errors will be ignored for this session
1601145052328	Marionette	INFO	Stopped listening on port 61144
[Parent 6952, Gecko_IOThread] WARNING: file /builds/worker/checkouts/gecko/ipc/chromium/src/base/process_util_win.cc, line 166

###!!! [Child][RunMessage] Error: Channel closing: too late to send/recv, messages will be lost

1601145054719	geckodriver	INFO	Listening on 127.0.0.1:61210
1601145057788	mozrunner::runner	INFO	Running command: "C:\\Program Files (x86)\\Mozilla Firefox\\firefox.exe" "--marionette" "-foreground" "-no-remote" "-profile" "C:\\Users\\bolderadmin\\AppData\\Local\\Temp\\rust_mozprofileJ2ItAS"
JavaScript error: resource://gre/modules/XULStore.jsm, line 66: Error: Can't find profile directory.
console.error: SearchCache: "_readCacheFile: Error reading cache file:" (new Error("", "(unknown module)"))
1601145060182	Marionette	INFO	Listening on port 61219
1601145060557	Marionette	WARN	TLS certificate errors will be ignored for this session
1601145070447	Marionette	INFO	Stopped listening on port 61219
1601145073111	geckodriver	INFO	Listening on 127.0.0.1:61293
1601145076179	mozrunner::runner	INFO	Running command: "C:\\Program Files (x86)\\Mozilla Firefox\\firefox.exe" "--marionette" "-foreground" "-no-remote" "-profile" "C:\\Users\\bolderadmin\\AppData\\Local\\Temp\\rust_mozprofileyZLP7v"
JavaScript error: resource://gre/modules/XULStore.jsm, line 66: Error: Can't find profile directory.
console.error: SearchCache: "_readCacheFile: Error reading cache file:" (new Error("", "(unknown module)"))
1601145078801	Marionette	INFO	Listening on port 61302
1601145078993	Marionette	WARN	TLS certificate errors will be ignored for this session
1601145088996	Marionette	INFO	Stopped listening on port 61302

###!!! [Child][RunMessage] Error: Channel closing: too late to send/recv, messages will be lost

1601145090502	geckodriver	INFO	Listening on 127.0.0.1:61373
1601145093554	mozrunner::runner	INFO	Running command: "C:\\Program Files (x86)\\Mozilla Firefox\\firefox.exe" "--marionette" "-foreground" "-no-remote" "-profile" "C:\\Users\\bolderadmin\\AppData\\Local\\Temp\\rust_mozprofileWXnEr3"
JavaScript error: resource://gre/modules/XULStore.jsm, line 66: Error: Can't find profile directory.
console.error: SearchCache: "_readCacheFile: Error reading cache file:" (new Error("", "(unknown module)"))
1601145095898	Marionette	INFO	Listening on port 61381
1601145096323	Marionette	WARN	TLS certificate errors will be ignored for this session
1601145106191	Marionette	INFO	Stopped listening on port 61381

###!!! [Child][RunMessage] Error: Channel closing: too late to send/recv, messages will be lost

1601145108933	geckodriver	INFO	Listening on 127.0.0.1:61453
1601145112001	mozrunner::runner	INFO	Running command: "C:\\Program Files (x86)\\Mozilla Firefox\\firefox.exe" "--marionette" "-foreground" "-no-remote" "-profile" "C:\\Users\\bolderadmin\\AppData\\Local\\Temp\\rust_mozprofileh0zLhG"
JavaScript error: resource://gre/modules/XULStore.jsm, line 66: Error: Can't find profile directory.
console.error: SearchCache: "_readCacheFile: Error reading cache file:" (new Error("", "(unknown module)"))
1601145114590	Marionette	INFO	Listening on port 61461
1601145114826	Marionette	WARN	TLS certificate errors will be ignored for this session
1601145125704	Marionette	INFO	Stopped listening on port 61461

###!!! [Child][RunMessage] Error: Channel closing: too late to send/recv, messages will be lost

